<?xml version="1.0" encoding="UTF-8"?>
<testsuite xmlns:xsi="http://www.w3.org/2001/XMLSchema-instance" xsi:noNamespaceSchemaLocation="https://maven.apache.org/surefire/maven-surefire-plugin/xsd/surefire-test-report-3.0.xsd" version="3.0" name="com.example.program.techie.InventoryService.InventoryServiceApplicationTests" time="13.801" tests="1" errors="0" skipped="0" failures="0">
  <properties>
[...]
</properties>
  <testcase name="contextLoads" classname="com.example.program.techie.InventoryService.InventoryServiceApplicationTests" time="1.233">
    <system-out><![CDATA[18:21:12.716 [main] INFO org.springframework.test.context.support.AnnotationConfigContextLoaderUtils -- Could not detect default configuration classes for test class [com.example.program.techie.InventoryService.InventoryServiceApplicationTests]: InventoryServiceApplicationTests does not declare any static, non-private, non-final, nested classes annotated with @Configuration.
18:21:12.968 [main] INFO org.springframework.boot.test.context.SpringBootTestContextBootstrapper -- Found @SpringBootConfiguration com.example.program.techie.InventoryService.InventoryServiceApplication for test class com.example.program.techie.InventoryService.InventoryServiceApplicationTests

  .   ____          _            __ _ _
 /\\ / ___'_ __ _ _(_)_ __  __ _ \ \ \ \
( ( )\___ | '_ | '_| | '_ \/ _` | \ \ \ \
 \\/  ___)| |_)| | | | | || (_| |  ) ) ) )
  '  |____| .__|_| |_|_| |_\__, | / / / /
 =========|_|==============|___/=/_/_/_/
 :: Spring Boot ::                (v3.2.4)

2024-04-06T18:21:14.307+02:00  INFO 12964 --- [InventoryService] [           main] e.p.t.I.InventoryServiceApplicationTests : Starting InventoryServiceApplicationTests using Java 17.0.10 with PID 12964 (started by SSINGH30 in C:\microservices-new\inventory-service)
2024-04-06T18:21:14.310+02:00  INFO 12964 --- [InventoryService] [           main] e.p.t.I.InventoryServiceApplicationTests : No active profile set, falling back to 1 default profile: "default"
2024-04-06T18:21:16.152+02:00  INFO 12964 --- [InventoryService] [           main] .s.d.r.c.RepositoryConfigurationDelegate : Bootstrapping Spring Data JPA repositories in DEFAULT mode.
2024-04-06T18:21:16.512+02:00  INFO 12964 --- [InventoryService] [           main] .s.d.r.c.RepositoryConfigurationDelegate : Finished Spring Data repository scanning in 343 ms. Found 1 JPA repository interface.
2024-04-06T18:21:17.113+02:00  INFO 12964 --- [InventoryService] [           main] o.s.cloud.context.scope.GenericScope     : BeanFactory id=3c0a4a65-5b07-3a29-aafd-1afc8e07c5da
2024-04-06T18:21:17.449+02:00  WARN 12964 --- [InventoryService] [           main] trationDelegate$BeanPostProcessorChecker : Bean 'org.springframework.cloud.client.loadbalancer.LoadBalancerAutoConfiguration$DeferringLoadBalancerInterceptorConfig' of type [org.springframework.cloud.client.loadbalancer.LoadBalancerAutoConfiguration$DeferringLoadBalancerInterceptorConfig] is not eligible for getting processed by all BeanPostProcessors (for example: not eligible for auto-proxying). The currently created BeanPostProcessor [lbRestClientPostProcessor] is declared through a non-static factory method on that class; consider declaring it as static instead.
2024-04-06T18:21:17.454+02:00  WARN 12964 --- [InventoryService] [           main] trationDelegate$BeanPostProcessorChecker : Bean 'deferringLoadBalancerInterceptor' of type [org.springframework.cloud.client.loadbalancer.DeferringLoadBalancerInterceptor] is not eligible for getting processed by all BeanPostProcessors (for example: not eligible for auto-proxying). Is this bean getting eagerly injected into a currently created BeanPostProcessor [lbRestClientPostProcessor]? Check the corresponding BeanPostProcessor declaration and its dependencies.
2024-04-06T18:21:17.789+02:00  INFO 12964 --- [InventoryService] [           main] o.hibernate.jpa.internal.util.LogHelper  : HHH000204: Processing PersistenceUnitInfo [name: default]
2024-04-06T18:21:17.949+02:00  INFO 12964 --- [InventoryService] [           main] org.hibernate.Version                    : HHH000412: Hibernate ORM core version 6.4.4.Final
2024-04-06T18:21:18.045+02:00  INFO 12964 --- [InventoryService] [           main] o.h.c.internal.RegionFactoryInitiator    : HHH000026: Second-level cache disabled
2024-04-06T18:21:18.770+02:00  INFO 12964 --- [InventoryService] [           main] o.s.o.j.p.SpringPersistenceUnitInfo      : No LoadTimeWeaver setup: ignoring JPA class transformer
2024-04-06T18:21:18.842+02:00  INFO 12964 --- [InventoryService] [           main] com.zaxxer.hikari.HikariDataSource       : HikariPool-1 - Starting...
2024-04-06T18:21:19.515+02:00  INFO 12964 --- [InventoryService] [           main] com.zaxxer.hikari.pool.HikariPool        : HikariPool-1 - Added connection com.mysql.cj.jdbc.ConnectionImpl@30fa8a6b
2024-04-06T18:21:19.520+02:00  INFO 12964 --- [InventoryService] [           main] com.zaxxer.hikari.HikariDataSource       : HikariPool-1 - Start completed.
2024-04-06T18:21:19.626+02:00  WARN 12964 --- [InventoryService] [           main] org.hibernate.orm.deprecation            : HHH90000025: MySQLDialect does not need to be specified explicitly using 'hibernate.dialect' (remove the property setting and it will be selected by default)
2024-04-06T18:21:21.698+02:00  INFO 12964 --- [InventoryService] [           main] o.h.e.t.j.p.i.JtaPlatformInitiator       : HHH000489: No JTA platform available (set 'hibernate.transaction.jta.platform' to enable JTA platform integration)
2024-04-06T18:21:21.857+02:00  INFO 12964 --- [InventoryService] [           main] j.LocalContainerEntityManagerFactoryBean : Initialized JPA EntityManagerFactory for persistence unit 'default'
2024-04-06T18:21:23.036+02:00  WARN 12964 --- [InventoryService] [           main] JpaBaseConfiguration$JpaWebConfiguration : spring.jpa.open-in-view is enabled by default. Therefore, database queries may be performed during view rendering. Explicitly configure spring.jpa.open-in-view to disable this warning
2024-04-06T18:21:24.504+02:00  INFO 12964 --- [InventoryService] [           main] DiscoveryClientOptionalArgsConfiguration : Eureka HTTP Client uses RestTemplate.
2024-04-06T18:21:24.603+02:00  WARN 12964 --- [InventoryService] [           main] iguration$LoadBalancerCaffeineWarnLogger : Spring Cloud LoadBalancer is currently working with the default cache. While this cache implementation is useful for development and tests, it's recommended to use Caffeine cache in production.You can switch to using Caffeine cache, by adding it and org.springframework.cache.caffeine.CaffeineCacheManager to the classpath.
2024-04-06T18:21:24.670+02:00  INFO 12964 --- [InventoryService] [           main] e.p.t.I.InventoryServiceApplicationTests : Started InventoryServiceApplicationTests in 11.322 seconds (process running for 14.265)
]]></system-out>
  </testcase>
</testsuite>